# JRE version: 7.0_25-b17
# Java VM: Java HotSpot(TM) Client VM (23.25-b01 mixed mode, sharing windows-x86 )
Heap
 def new generation   total 4992K, used 848K [0x27010000, 0x27570000, 0x2c560000)
  eden space 4480K,  18% used [0x27010000, 0x270e42a8, 0x27470000)
  from space 512K,   0% used [0x27470000, 0x27470000, 0x274f0000)
  to   space 512K,   0% used [0x274f0000, 0x274f0000, 0x27570000)
 tenured generation   total 10944K, used 1518K [0x2c560000, 0x2d010000, 0x37010000)
   the space 10944K,  13% used [0x2c560000, 0x2c6db958, 0x2c6dba00, 0x2d010000)
 compacting perm gen  total 12288K, used 2024K [0x37010000, 0x37c10000, 0x3b010000)
   the space 12288K,  16% used [0x37010000, 0x3720a318, 0x3720a400, 0x37c10000)
    ro space 10240K,  42% used [0x3b010000, 0x3b454240, 0x3b454400, 0x3ba10000)
    rw space 12288K,  54% used [0x3ba10000, 0x3c094d58, 0x3c094e00, 0x3c610000)
GC Heap History (4 events):
Event: 3.197 GC heap before
{Heap before GC invocations=0 (full 0):
 def new generation   total 4928K, used 4416K [0x27010000, 0x27560000, 0x2c560000)
  eden space 4416K, 100% used [0x27010000, 0x27460000, 0x27460000)
  from space 512K,   0% used [0x27460000, 0x27460000, 0x274e0000)
  to   space 512K,   0% used [0x274e0000, 0x274e0000, 0x27560000)
 tenured generation   total 10944K, used 0K [0x2c560000, 0x2d010000, 0x37010000)
   the space 10944K,   0% used [0x2c560000, 0x2c560000, 0x2c560200, 0x2d010000)
 compacting perm gen  total 12288K, used 1951K [0x37010000, 0x37c10000, 0x3b010000)
   the space 12288K,  15% used [0x37010000, 0x371f7d80, 0x371f7e00, 0x37c10000)
    ro space 10240K,  42% used [0x3b010000, 0x3b454240, 0x3b454400, 0x3ba10000)
    rw space 12288K,  54% used [0x3ba10000, 0x3c094d58, 0x3c094e00, 0x3c610000)
Event: 3.214 GC heap after
Heap after GC invocations=1 (full 0):
 def new generation   total 4928K, used 512K [0x27010000, 0x27560000, 0x2c560000)
  eden space 4416K,   0% used [0x27010000, 0x27010000, 0x27460000)
  from space 512K, 100% used [0x274e0000, 0x27560000, 0x27560000)
  to   space 512K,   0% used [0x27460000, 0x27460000, 0x274e0000)
 tenured generation   total 10944K, used 946K [0x2c560000, 0x2d010000, 0x37010000)
   the space 10944K,   8% used [0x2c560000, 0x2c64c840, 0x2c64ca00, 0x2d010000)
 compacting perm gen  total 12288K, used 1951K [0x37010000, 0x37c10000, 0x3b010000)
   the space 12288K,  15% used [0x37010000, 0x371f7d80, 0x371f7e00, 0x37c10000)
    ro space 10240K,  42% used [0x3b010000, 0x3b454240, 0x3b454400, 0x3ba10000)
    rw space 12288K,  54% used [0x3ba10000, 0x3c094d58, 0x3c094e00, 0x3c610000)
}
Event: 9.708 GC heap before
{Heap before GC invocations=1 (full 0):
 def new generation   total 4928K, used 2046K [0x27010000, 0x27560000, 0x2c560000)
  eden space 4416K,  34% used [0x27010000, 0x2718fa30, 0x27460000)
  from space 512K, 100% used [0x274e0000, 0x27560000, 0x27560000)
  to   space 512K,   0% used [0x27460000, 0x27460000, 0x274e0000)
 tenured generation   total 10944K, used 946K [0x2c560000, 0x2d010000, 0x37010000)
   the space 10944K,   8% used [0x2c560000, 0x2c64c840, 0x2c64ca00, 0x2d010000)
 compacting perm gen  total 12288K, used 2024K [0x37010000, 0x37c10000, 0x3b010000)
   the space 12288K,  16% used [0x37010000, 0x3720a180, 0x3720a200, 0x37c10000)
    ro space 10240K,  42% used [0x3b010000, 0x3b454240, 0x3b454400, 0x3ba10000)
    rw space 12288K,  54% used [0x3ba10000, 0x3c094d58, 0x3c094e00, 0x3c610000)
Event: 9.752 GC heap after
Heap after GC invocations=2 (full 1):
 def new generation   total 4992K, used 0K [0x27010000, 0x27570000, 0x2c560000)
  eden space 4480K,   0% used [0x27010000, 0x27010000, 0x27470000)
  from space 512K,   0% used [0x27470000, 0x27470000, 0x274f0000)
  to   space 512K,   0% used [0x274f0000, 0x274f0000, 0x27570000)
 tenured generation   total 10944K, used 1518K [0x2c560000, 0x2d010000, 0x37010000)
   the space 10944K,  13% used [0x2c560000, 0x2c6db958, 0x2c6dba00, 0x2d010000)
 compacting perm gen  total 12288K, used 2024K [0x37010000, 0x37c10000, 0x3b010000)
   the space 12288K,  16% used [0x37010000, 0x3720a180, 0x3720a200, 0x37c10000)
    ro space 10240K,  42% used [0x3b010000, 0x3b454240, 0x3b454400, 0x3ba10000)
    rw space 12288K,  54% used [0x3ba10000, 0x3c094d58, 0x3c094e00, 0x3c610000)
}

